# Logfile created on 2014-12-03 18:41:26 -0200 by logger.rb/31641
D, [2014-12-03T18:41:26.021237 #3145] DEBUG -- : REQUESTING PAGE: GET / with {} and HTTP headers {}
D, [2014-12-03T18:41:52.624071 #3152] DEBUG -- : REQUESTING PAGE: GET / with {} and HTTP headers {}
D, [2014-12-03T18:42:32.303508 #3158] DEBUG -- : REQUESTING PAGE: GET / with {} and HTTP headers {}
D, [2014-12-03T18:58:13.029299 #3179] DEBUG -- : REQUESTING PAGE: GET / with {} and HTTP headers {}
D, [2014-12-03T18:58:13.095590 #3179] DEBUG -- : REQUESTING PAGE: GET / with {} and HTTP headers {}
D, [2014-12-03T18:58:31.608116 #3182] DEBUG -- : REQUESTING PAGE: GET / with {} and HTTP headers {}
D, [2014-12-03T18:58:31.667669 #3182] DEBUG -- : REQUESTING PAGE: GET / with {} and HTTP headers {}
D, [2014-12-03T19:08:32.654242 #3219] DEBUG -- : REQUESTING PAGE: GET / with {} and HTTP headers {}
D, [2014-12-03T19:08:32.712750 #3219] DEBUG -- : REQUESTING PAGE: GET / with {} and HTTP headers {}
D, [2014-12-03T19:09:17.139857 #3223] DEBUG -- : REQUESTING PAGE: GET / with {} and HTTP headers {}
D, [2014-12-03T19:09:17.208620 #3223] DEBUG -- : REQUESTING PAGE: GET / with {} and HTTP headers {}
D, [2014-12-03T19:12:25.376343 #3233] DEBUG -- : REQUESTING PAGE: GET / with {} and HTTP headers {}
D, [2014-12-03T19:12:25.449359 #3233] DEBUG -- : REQUESTING PAGE: GET / with {} and HTTP headers {}
D, [2014-12-03T19:14:25.844941 #3237] DEBUG -- : REQUESTING PAGE: GET / with {} and HTTP headers {}
D, [2014-12-03T19:14:25.924455 #3237] DEBUG -- : REQUESTING PAGE: GET / with {} and HTTP headers {}
D, [2014-12-03T19:16:52.876240 #3242] DEBUG -- : REQUESTING PAGE: GET / with {} and HTTP headers {}
D, [2014-12-03T19:16:52.947736 #3242] DEBUG -- : REQUESTING PAGE: GET / with {} and HTTP headers {}
D, [2014-12-03T19:18:30.199007 #3250] DEBUG -- : REQUESTING PAGE: GET / with {} and HTTP headers {}
D, [2014-12-03T19:18:30.266731 #3250] DEBUG -- : REQUESTING PAGE: GET / with {} and HTTP headers {}
D, [2014-12-03T19:21:00.311196 #3257] DEBUG -- : REQUESTING PAGE: GET / with {} and HTTP headers {}
D, [2014-12-03T19:21:00.385229 #3257] DEBUG -- : REQUESTING PAGE: GET / with {} and HTTP headers {}
D, [2014-12-03T19:21:16.157690 #3261] DEBUG -- : REQUESTING PAGE: GET / with {} and HTTP headers {}
D, [2014-12-03T19:21:16.233117 #3261] DEBUG -- : REQUESTING PAGE: GET / with {} and HTTP headers {}
D, [2014-12-03T19:21:16.242769 #3261] DEBUG -- : REQUESTING PAGE: GET / with {"numero"=>"1234"} and HTTP headers {"HTTP_REFERER"=>"/"}
D, [2014-12-03T19:26:04.611903 #3297] DEBUG -- : REQUESTING PAGE: GET / with {} and HTTP headers {}
D, [2014-12-03T19:26:04.680499 #3297] DEBUG -- : REQUESTING PAGE: GET / with {} and HTTP headers {}
D, [2014-12-03T19:26:04.687480 #3297] DEBUG -- : REQUESTING PAGE: POST /adivinar with {"numero"=>"1234"} and HTTP headers {"HTTP_REFERER"=>"/"}
D, [2014-12-03T19:28:30.387975 #3307] DEBUG -- : REQUESTING PAGE: GET / with {} and HTTP headers {}
D, [2014-12-03T19:28:30.466084 #3307] DEBUG -- : REQUESTING PAGE: GET / with {} and HTTP headers {}
D, [2014-12-03T19:28:30.471901 #3307] DEBUG -- : REQUESTING PAGE: POST /adivinar with {"numero"=>"1234"} and HTTP headers {"HTTP_REFERER"=>"/"}
D, [2014-12-03T19:28:30.478746 #3307] DEBUG -- : REQUESTING PAGE: GET / with {} and HTTP headers {}
D, [2014-12-03T19:28:30.492500 #3307] DEBUG -- : REQUESTING PAGE: POST /adivinar with {"numero"=>"9876"} and HTTP headers {"HTTP_REFERER"=>"/"}
D, [2014-12-03T19:29:37.848787 #3310] DEBUG -- : REQUESTING PAGE: GET / with {} and HTTP headers {}
D, [2014-12-03T19:29:37.906761 #3310] DEBUG -- : REQUESTING PAGE: GET / with {} and HTTP headers {}
D, [2014-12-03T19:29:37.918977 #3310] DEBUG -- : REQUESTING PAGE: POST /adivinar with {"numero"=>"1234"} and HTTP headers {"HTTP_REFERER"=>"/"}
D, [2014-12-03T19:29:37.931380 #3310] DEBUG -- : REQUESTING PAGE: GET / with {} and HTTP headers {}
D, [2014-12-03T19:29:37.938683 #3310] DEBUG -- : REQUESTING PAGE: POST /adivinar with {"numero"=>"9876"} and HTTP headers {"HTTP_REFERER"=>"/"}
D, [2014-12-03T19:35:50.653668 #3318] DEBUG -- : REQUESTING PAGE: GET / with {} and HTTP headers {}
D, [2014-12-03T19:35:50.730805 #3318] DEBUG -- : REQUESTING PAGE: GET / with {} and HTTP headers {}
D, [2014-12-03T19:35:50.735311 #3318] DEBUG -- : REQUESTING PAGE: POST /adivinar with {"numero"=>"1234"} and HTTP headers {"HTTP_REFERER"=>"/"}
D, [2014-12-03T19:35:50.743357 #3318] DEBUG -- : REQUESTING PAGE: GET / with {} and HTTP headers {}
D, [2014-12-03T19:35:50.760290 #3318] DEBUG -- : REQUESTING PAGE: POST /adivinar with {"numero"=>"9876"} and HTTP headers {"HTTP_REFERER"=>"/"}
D, [2014-12-03T19:36:02.819159 #3321] DEBUG -- : REQUESTING PAGE: GET / with {} and HTTP headers {}
D, [2014-12-03T19:36:02.893919 #3321] DEBUG -- : REQUESTING PAGE: GET / with {} and HTTP headers {}
D, [2014-12-03T19:36:02.898907 #3321] DEBUG -- : REQUESTING PAGE: POST /adivinar with {"numero"=>"1234"} and HTTP headers {"HTTP_REFERER"=>"/"}
D, [2014-12-03T19:36:02.904952 #3321] DEBUG -- : REQUESTING PAGE: GET / with {} and HTTP headers {}
D, [2014-12-03T19:36:02.917331 #3321] DEBUG -- : REQUESTING PAGE: POST /adivinar with {"numero"=>"9876"} and HTTP headers {"HTTP_REFERER"=>"/"}
D, [2014-12-03T19:36:37.593715 #3324] DEBUG -- : REQUESTING PAGE: GET / with {} and HTTP headers {}
D, [2014-12-03T19:36:37.670679 #3324] DEBUG -- : REQUESTING PAGE: GET / with {} and HTTP headers {}
D, [2014-12-03T19:36:37.680311 #3324] DEBUG -- : REQUESTING PAGE: POST /adivinar with {"numero"=>"1234"} and HTTP headers {"HTTP_REFERER"=>"/"}
D, [2014-12-03T19:36:37.687041 #3324] DEBUG -- : REQUESTING PAGE: GET / with {} and HTTP headers {}
D, [2014-12-03T19:36:37.698468 #3324] DEBUG -- : REQUESTING PAGE: POST /adivinar with {"numero"=>"9876"} and HTTP headers {"HTTP_REFERER"=>"/"}
D, [2014-12-03T19:41:49.265333 #3331] DEBUG -- : REQUESTING PAGE: GET / with {} and HTTP headers {}
D, [2014-12-03T19:41:49.343832 #3331] DEBUG -- : REQUESTING PAGE: GET / with {} and HTTP headers {}
D, [2014-12-03T19:41:49.349400 #3331] DEBUG -- : REQUESTING PAGE: POST /adivinar with {"numero"=>"1234"} and HTTP headers {"HTTP_REFERER"=>"/"}
D, [2014-12-03T19:41:49.364422 #3331] DEBUG -- : REQUESTING PAGE: GET / with {} and HTTP headers {}
D, [2014-12-03T19:41:49.370911 #3331] DEBUG -- : REQUESTING PAGE: POST /adivinar with {"numero"=>"9876"} and HTTP headers {"HTTP_REFERER"=>"/"}
D, [2014-12-03T19:50:43.741834 #3349] DEBUG -- : REQUESTING PAGE: GET / with {} and HTTP headers {}
D, [2014-12-03T19:50:43.816587 #3349] DEBUG -- : REQUESTING PAGE: GET / with {} and HTTP headers {}
D, [2014-12-03T19:50:43.821058 #3349] DEBUG -- : REQUESTING PAGE: POST /adivinar with {"numero"=>"1234"} and HTTP headers {"HTTP_REFERER"=>"/"}
D, [2014-12-03T19:50:43.827780 #3349] DEBUG -- : REQUESTING PAGE: GET / with {} and HTTP headers {}
D, [2014-12-03T19:50:43.831691 #3349] DEBUG -- : REQUESTING PAGE: POST /adivinar with {"numero"=>"9876"} and HTTP headers {"HTTP_REFERER"=>"/"}
D, [2014-12-04T11:18:03.351591 #4245] DEBUG -- : REQUESTING PAGE: GET / with {} and HTTP headers {}
D, [2014-12-04T11:18:03.430467 #4245] DEBUG -- : REQUESTING PAGE: GET / with {} and HTTP headers {}
D, [2014-12-04T11:18:03.435321 #4245] DEBUG -- : REQUESTING PAGE: POST /adivinar with {"numero"=>"1234"} and HTTP headers {"HTTP_REFERER"=>"/"}
D, [2014-12-04T11:18:03.451457 #4245] DEBUG -- : REQUESTING PAGE: GET / with {} and HTTP headers {}
D, [2014-12-04T11:18:03.458058 #4245] DEBUG -- : REQUESTING PAGE: POST /adivinar with {"numero"=>"9876"} and HTTP headers {"HTTP_REFERER"=>"/"}
D, [2014-12-04T11:36:13.084203 #3288] DEBUG -- : REQUESTING PAGE: GET / with {} and HTTP headers {}
D, [2014-12-04T11:36:13.131329 #3288] DEBUG -- : REQUESTING PAGE: GET / with {} and HTTP headers {}
D, [2014-12-04T11:36:13.155392 #3288] DEBUG -- : REQUESTING PAGE: POST /adivinar with {"numero"=>"1234"} and HTTP headers {"HTTP_REFERER"=>"/"}
D, [2014-12-04T11:36:13.161591 #3288] DEBUG -- : REQUESTING PAGE: GET / with {} and HTTP headers {}
D, [2014-12-04T11:36:13.164151 #3288] DEBUG -- : REQUESTING PAGE: POST /adivinar with {"numero"=>"9876"} and HTTP headers {"HTTP_REFERER"=>"/"}
D, [2014-12-04T11:41:42.477718 #3320] DEBUG -- : REQUESTING PAGE: GET / with {} and HTTP headers {}
D, [2014-12-04T11:41:42.526585 #3320] DEBUG -- : REQUESTING PAGE: GET / with {} and HTTP headers {}
D, [2014-12-04T11:41:42.528635 #3320] DEBUG -- : REQUESTING PAGE: POST /adivinar with {"numero"=>"1234"} and HTTP headers {"HTTP_REFERER"=>"/"}
D, [2014-12-04T11:41:42.535573 #3320] DEBUG -- : REQUESTING PAGE: GET / with {} and HTTP headers {}
D, [2014-12-04T11:41:42.544598 #3320] DEBUG -- : REQUESTING PAGE: POST /adivinar with {"numero"=>"9876"} and HTTP headers {"HTTP_REFERER"=>"/"}
D, [2014-12-04T11:47:47.601984 #3338] DEBUG -- : REQUESTING PAGE: GET / with {} and HTTP headers {}
D, [2014-12-04T11:47:47.651741 #3338] DEBUG -- : REQUESTING PAGE: GET / with {} and HTTP headers {}
D, [2014-12-04T11:47:47.654448 #3338] DEBUG -- : REQUESTING PAGE: POST /adivinar with {"numero"=>"1234"} and HTTP headers {"HTTP_REFERER"=>"/"}
D, [2014-12-04T11:47:47.660043 #3338] DEBUG -- : REQUESTING PAGE: GET / with {} and HTTP headers {}
D, [2014-12-04T11:47:47.668474 #3338] DEBUG -- : REQUESTING PAGE: POST /adivinar with {"numero"=>"3456"} and HTTP headers {"HTTP_REFERER"=>"/"}
D, [2014-12-04T11:47:47.673920 #3338] DEBUG -- : REQUESTING PAGE: GET / with {} and HTTP headers {}
D, [2014-12-04T11:47:47.676472 #3338] DEBUG -- : REQUESTING PAGE: POST /adivinar with {"numero"=>"9876"} and HTTP headers {"HTTP_REFERER"=>"/"}
D, [2014-12-04T11:48:00.684670 #3341] DEBUG -- : REQUESTING PAGE: GET / with {} and HTTP headers {}
D, [2014-12-04T11:48:00.734736 #3341] DEBUG -- : REQUESTING PAGE: GET / with {} and HTTP headers {}
D, [2014-12-04T11:48:00.737119 #3341] DEBUG -- : REQUESTING PAGE: POST /adivinar with {"numero"=>"1234"} and HTTP headers {"HTTP_REFERER"=>"/"}
D, [2014-12-04T11:48:00.743675 #3341] DEBUG -- : REQUESTING PAGE: GET / with {} and HTTP headers {}
D, [2014-12-04T11:48:00.745739 #3341] DEBUG -- : REQUESTING PAGE: POST /adivinar with {"numero"=>"1234"} and HTTP headers {"HTTP_REFERER"=>"/"}
D, [2014-12-04T11:48:00.759378 #3341] DEBUG -- : REQUESTING PAGE: GET / with {} and HTTP headers {}
D, [2014-12-04T11:48:00.762443 #3341] DEBUG -- : REQUESTING PAGE: POST /adivinar with {"numero"=>"9876"} and HTTP headers {"HTTP_REFERER"=>"/"}
D, [2014-12-04T12:07:59.531146 #3406] DEBUG -- : REQUESTING PAGE: GET / with {} and HTTP headers {}
D, [2014-12-04T12:07:59.582834 #3406] DEBUG -- : REQUESTING PAGE: GET / with {} and HTTP headers {}
D, [2014-12-04T12:07:59.585562 #3406] DEBUG -- : REQUESTING PAGE: POST /adivinar with {"numero"=>"1234"} and HTTP headers {"HTTP_REFERER"=>"/"}
D, [2014-12-04T12:07:59.603315 #3406] DEBUG -- : REQUESTING PAGE: GET / with {} and HTTP headers {}
D, [2014-12-04T12:07:59.605786 #3406] DEBUG -- : REQUESTING PAGE: POST /adivinar with {"numero"=>"3456"} and HTTP headers {"HTTP_REFERER"=>"/"}
D, [2014-12-04T12:07:59.611296 #3406] DEBUG -- : REQUESTING PAGE: GET / with {} and HTTP headers {}
D, [2014-12-04T12:07:59.614416 #3406] DEBUG -- : REQUESTING PAGE: POST /adivinar with {"numero"=>"9876"} and HTTP headers {"HTTP_REFERER"=>"/"}
D, [2014-12-04T12:11:23.511701 #3411] DEBUG -- : REQUESTING PAGE: GET / with {} and HTTP headers {}
D, [2014-12-04T12:11:23.566135 #3411] DEBUG -- : REQUESTING PAGE: GET / with {} and HTTP headers {}
D, [2014-12-04T12:11:23.568472 #3411] DEBUG -- : REQUESTING PAGE: POST /adivinar with {"numero"=>"1234"} and HTTP headers {"HTTP_REFERER"=>"/"}
D, [2014-12-04T12:11:23.587202 #3411] DEBUG -- : REQUESTING PAGE: GET / with {} and HTTP headers {}
D, [2014-12-04T12:11:23.589522 #3411] DEBUG -- : REQUESTING PAGE: POST /adivinar with {"numero"=>"3456"} and HTTP headers {"HTTP_REFERER"=>"/"}
D, [2014-12-04T12:11:23.595732 #3411] DEBUG -- : REQUESTING PAGE: GET / with {} and HTTP headers {}
D, [2014-12-04T12:11:23.598034 #3411] DEBUG -- : REQUESTING PAGE: POST /adivinar with {"numero"=>"5678"} and HTTP headers {"HTTP_REFERER"=>"/"}
D, [2014-12-04T12:11:23.620543 #3411] DEBUG -- : REQUESTING PAGE: GET / with {} and HTTP headers {}
D, [2014-12-04T12:11:23.639776 #3411] DEBUG -- : REQUESTING PAGE: POST /adivinar with {"numero"=>"9876"} and HTTP headers {"HTTP_REFERER"=>"/"}
D, [2014-12-04T12:13:20.653427 #3414] DEBUG -- : REQUESTING PAGE: GET / with {} and HTTP headers {}
D, [2014-12-04T12:13:20.708228 #3414] DEBUG -- : REQUESTING PAGE: GET / with {} and HTTP headers {}
D, [2014-12-04T12:13:20.711248 #3414] DEBUG -- : REQUESTING PAGE: POST /adivinar with {"numero"=>"1234"} and HTTP headers {"HTTP_REFERER"=>"/"}
D, [2014-12-04T12:13:21.795894 #3414] DEBUG -- : REQUESTING PAGE: GET / with {} and HTTP headers {}
D, [2014-12-04T12:13:21.798370 #3414] DEBUG -- : REQUESTING PAGE: POST /adivinar with {"numero"=>"3456"} and HTTP headers {"HTTP_REFERER"=>"/"}
D, [2014-12-04T12:13:22.870588 #3414] DEBUG -- : REQUESTING PAGE: GET / with {} and HTTP headers {}
D, [2014-12-04T12:13:22.877372 #3414] DEBUG -- : REQUESTING PAGE: POST /adivinar with {"numero"=>"5678"} and HTTP headers {"HTTP_REFERER"=>"/"}
D, [2014-12-04T12:13:54.314079 #3417] DEBUG -- : REQUESTING PAGE: GET / with {} and HTTP headers {}
D, [2014-12-04T12:13:54.366564 #3417] DEBUG -- : REQUESTING PAGE: GET / with {} and HTTP headers {}
D, [2014-12-04T12:13:54.368665 #3417] DEBUG -- : REQUESTING PAGE: POST /adivinar with {"numero"=>"1234"} and HTTP headers {"HTTP_REFERER"=>"/"}
D, [2014-12-04T12:13:54.385990 #3417] DEBUG -- : REQUESTING PAGE: GET / with {} and HTTP headers {}
D, [2014-12-04T12:13:54.391238 #3417] DEBUG -- : REQUESTING PAGE: POST /adivinar with {"numero"=>"3456"} and HTTP headers {"HTTP_REFERER"=>"/"}
D, [2014-12-04T12:13:54.397903 #3417] DEBUG -- : REQUESTING PAGE: GET / with {} and HTTP headers {}
D, [2014-12-04T12:13:54.399922 #3417] DEBUG -- : REQUESTING PAGE: POST /adivinar with {"numero"=>"5678"} and HTTP headers {"HTTP_REFERER"=>"/"}
D, [2014-12-04T12:13:54.422810 #3417] DEBUG -- : REQUESTING PAGE: GET / with {} and HTTP headers {}
D, [2014-12-04T12:13:54.443811 #3417] DEBUG -- : REQUESTING PAGE: POST /adivinar with {"numero"=>"9876"} and HTTP headers {"HTTP_REFERER"=>"/"}
D, [2014-12-04T12:17:08.405798 #3426] DEBUG -- : REQUESTING PAGE: GET / with {} and HTTP headers {}
D, [2014-12-04T12:17:08.458171 #3426] DEBUG -- : REQUESTING PAGE: GET / with {} and HTTP headers {}
D, [2014-12-04T12:17:08.461585 #3426] DEBUG -- : REQUESTING PAGE: POST /adivinar with {"numero"=>"1234"} and HTTP headers {"HTTP_REFERER"=>"/"}
D, [2014-12-04T12:17:08.475210 #3426] DEBUG -- : REQUESTING PAGE: GET / with {} and HTTP headers {}
D, [2014-12-04T12:17:08.480774 #3426] DEBUG -- : REQUESTING PAGE: POST /adivinar with {"numero"=>"3456"} and HTTP headers {"HTTP_REFERER"=>"/"}
D, [2014-12-04T12:17:08.486492 #3426] DEBUG -- : REQUESTING PAGE: GET / with {} and HTTP headers {}
D, [2014-12-04T12:17:08.491257 #3426] DEBUG -- : REQUESTING PAGE: POST /adivinar with {"numero"=>"5678"} and HTTP headers {"HTTP_REFERER"=>"/"}
D, [2014-12-04T12:17:08.512520 #3426] DEBUG -- : REQUESTING PAGE: GET / with {} and HTTP headers {}
D, [2014-12-04T12:17:08.527584 #3426] DEBUG -- : REQUESTING PAGE: POST /adivinar with {"numero"=>"9876"} and HTTP headers {"HTTP_REFERER"=>"/"}
D, [2014-12-04T12:17:36.762350 #3429] DEBUG -- : REQUESTING PAGE: GET / with {} and HTTP headers {}
D, [2014-12-04T12:17:36.816925 #3429] DEBUG -- : REQUESTING PAGE: GET / with {} and HTTP headers {}
D, [2014-12-04T12:17:36.819598 #3429] DEBUG -- : REQUESTING PAGE: POST /adivinar with {"numero"=>"1234"} and HTTP headers {"HTTP_REFERER"=>"/"}
D, [2014-12-04T12:17:36.834658 #3429] DEBUG -- : REQUESTING PAGE: GET / with {} and HTTP headers {}
D, [2014-12-04T12:17:36.839562 #3429] DEBUG -- : REQUESTING PAGE: POST /adivinar with {"numero"=>"3456"} and HTTP headers {"HTTP_REFERER"=>"/"}
D, [2014-12-04T12:17:36.844952 #3429] DEBUG -- : REQUESTING PAGE: GET / with {} and HTTP headers {}
D, [2014-12-04T12:17:36.847760 #3429] DEBUG -- : REQUESTING PAGE: POST /adivinar with {"numero"=>"5678"} and HTTP headers {"HTTP_REFERER"=>"/"}
D, [2014-12-04T12:17:36.871341 #3429] DEBUG -- : REQUESTING PAGE: GET / with {} and HTTP headers {}
D, [2014-12-04T12:17:36.882704 #3429] DEBUG -- : REQUESTING PAGE: POST /adivinar with {"numero"=>"9876"} and HTTP headers {"HTTP_REFERER"=>"/"}
D, [2014-12-04T12:20:41.966680 #3436] DEBUG -- : REQUESTING PAGE: GET / with {} and HTTP headers {}
D, [2014-12-04T12:20:42.019271 #3436] DEBUG -- : REQUESTING PAGE: GET / with {} and HTTP headers {}
D, [2014-12-04T12:20:42.022385 #3436] DEBUG -- : REQUESTING PAGE: POST /adivinar with {"numero"=>"1234"} and HTTP headers {"HTTP_REFERER"=>"/"}
D, [2014-12-04T12:20:42.035919 #3436] DEBUG -- : REQUESTING PAGE: GET / with {} and HTTP headers {}
D, [2014-12-04T12:20:42.038300 #3436] DEBUG -- : REQUESTING PAGE: POST /adivinar with {"numero"=>"3456"} and HTTP headers {"HTTP_REFERER"=>"/"}
D, [2014-12-04T12:20:42.049435 #3436] DEBUG -- : REQUESTING PAGE: GET / with {} and HTTP headers {}
D, [2014-12-04T12:20:42.051688 #3436] DEBUG -- : REQUESTING PAGE: POST /adivinar with {"numero"=>"5678"} and HTTP headers {"HTTP_REFERER"=>"/"}
D, [2014-12-04T12:20:42.068484 #3436] DEBUG -- : REQUESTING PAGE: GET / with {} and HTTP headers {}
D, [2014-12-04T12:20:42.087498 #3436] DEBUG -- : REQUESTING PAGE: POST /adivinar with {"numero"=>"9876"} and HTTP headers {"HTTP_REFERER"=>"/"}
D, [2014-12-04T12:21:15.486662 #3440] DEBUG -- : REQUESTING PAGE: GET / with {} and HTTP headers {}
D, [2014-12-04T12:21:15.541170 #3440] DEBUG -- : REQUESTING PAGE: GET / with {} and HTTP headers {}
D, [2014-12-04T12:21:15.543548 #3440] DEBUG -- : REQUESTING PAGE: POST /adivinar with {"numero"=>"1234"} and HTTP headers {"HTTP_REFERER"=>"/"}
D, [2014-12-04T12:21:15.562838 #3440] DEBUG -- : REQUESTING PAGE: GET / with {} and HTTP headers {}
D, [2014-12-04T12:21:15.565261 #3440] DEBUG -- : REQUESTING PAGE: POST /adivinar with {"numero"=>"3456"} and HTTP headers {"HTTP_REFERER"=>"/"}
D, [2014-12-04T12:21:15.570557 #3440] DEBUG -- : REQUESTING PAGE: GET / with {} and HTTP headers {}
D, [2014-12-04T12:21:15.572423 #3440] DEBUG -- : REQUESTING PAGE: POST /adivinar with {"numero"=>"1234"} and HTTP headers {"HTTP_REFERER"=>"/"}
D, [2014-12-04T12:21:15.596094 #3440] DEBUG -- : REQUESTING PAGE: GET / with {} and HTTP headers {}
D, [2014-12-04T12:21:15.598410 #3440] DEBUG -- : REQUESTING PAGE: POST /adivinar with {"numero"=>"5678"} and HTTP headers {"HTTP_REFERER"=>"/"}
D, [2014-12-04T12:21:15.620988 #3440] DEBUG -- : REQUESTING PAGE: GET / with {} and HTTP headers {}
D, [2014-12-04T12:21:15.627567 #3440] DEBUG -- : REQUESTING PAGE: POST /adivinar with {"numero"=>"9876"} and HTTP headers {"HTTP_REFERER"=>"/"}
D, [2014-12-04T12:22:10.266364 #3443] DEBUG -- : REQUESTING PAGE: GET / with {} and HTTP headers {}
D, [2014-12-04T12:22:10.319318 #3443] DEBUG -- : REQUESTING PAGE: GET / with {} and HTTP headers {}
D, [2014-12-04T12:22:10.321785 #3443] DEBUG -- : REQUESTING PAGE: POST /adivinar with {"numero"=>"1234"} and HTTP headers {"HTTP_REFERER"=>"/"}
D, [2014-12-04T12:22:10.340677 #3443] DEBUG -- : REQUESTING PAGE: GET / with {} and HTTP headers {}
D, [2014-12-04T12:22:10.343498 #3443] DEBUG -- : REQUESTING PAGE: POST /adivinar with {"numero"=>"3456"} and HTTP headers {"HTTP_REFERER"=>"/"}
D, [2014-12-04T12:22:10.349909 #3443] DEBUG -- : REQUESTING PAGE: GET / with {} and HTTP headers {}
D, [2014-12-04T12:22:10.352254 #3443] DEBUG -- : REQUESTING PAGE: POST /adivinar with {"numero"=>"5678"} and HTTP headers {"HTTP_REFERER"=>"/"}
D, [2014-12-04T12:22:10.374454 #3443] DEBUG -- : REQUESTING PAGE: GET / with {} and HTTP headers {}
D, [2014-12-04T12:22:10.376989 #3443] DEBUG -- : REQUESTING PAGE: POST /adivinar with {"numero"=>"1234"} and HTTP headers {"HTTP_REFERER"=>"/"}
D, [2014-12-04T12:22:10.403012 #3443] DEBUG -- : REQUESTING PAGE: GET / with {} and HTTP headers {}
D, [2014-12-04T12:22:10.406080 #3443] DEBUG -- : REQUESTING PAGE: POST /adivinar with {"numero"=>"9876"} and HTTP headers {"HTTP_REFERER"=>"/"}
D, [2014-12-04T12:23:08.385405 #3446] DEBUG -- : REQUESTING PAGE: GET / with {} and HTTP headers {}
D, [2014-12-04T12:23:08.439270 #3446] DEBUG -- : REQUESTING PAGE: GET / with {} and HTTP headers {}
D, [2014-12-04T12:23:08.441799 #3446] DEBUG -- : REQUESTING PAGE: POST /adivinar with {"numero"=>"1234"} and HTTP headers {"HTTP_REFERER"=>"/"}
D, [2014-12-04T12:23:08.459252 #3446] DEBUG -- : REQUESTING PAGE: GET / with {} and HTTP headers {}
D, [2014-12-04T12:23:08.463814 #3446] DEBUG -- : REQUESTING PAGE: POST /adivinar with {"numero"=>"3456"} and HTTP headers {"HTTP_REFERER"=>"/"}
D, [2014-12-04T12:23:08.469810 #3446] DEBUG -- : REQUESTING PAGE: GET / with {} and HTTP headers {}
D, [2014-12-04T12:23:08.472719 #3446] DEBUG -- : REQUESTING PAGE: POST /adivinar with {"numero"=>"5678"} and HTTP headers {"HTTP_REFERER"=>"/"}
D, [2014-12-04T12:23:08.493997 #3446] DEBUG -- : REQUESTING PAGE: GET / with {} and HTTP headers {}
D, [2014-12-04T12:23:08.497123 #3446] DEBUG -- : REQUESTING PAGE: POST /adivinar with {"numero"=>"1234"} and HTTP headers {"HTTP_REFERER"=>"/"}
D, [2014-12-04T12:23:08.522545 #3446] DEBUG -- : REQUESTING PAGE: GET / with {} and HTTP headers {}
D, [2014-12-04T12:23:08.526232 #3446] DEBUG -- : REQUESTING PAGE: POST /adivinar with {"numero"=>"9876"} and HTTP headers {"HTTP_REFERER"=>"/"}
D, [2014-12-04T12:25:29.232157 #3457] DEBUG -- : REQUESTING PAGE: GET / with {} and HTTP headers {}
D, [2014-12-04T12:25:29.285737 #3457] DEBUG -- : REQUESTING PAGE: GET / with {} and HTTP headers {}
D, [2014-12-04T12:25:29.288320 #3457] DEBUG -- : REQUESTING PAGE: POST /adivinar with {"numero"=>"1234"} and HTTP headers {"HTTP_REFERER"=>"/"}
D, [2014-12-04T12:25:29.307977 #3457] DEBUG -- : REQUESTING PAGE: GET / with {} and HTTP headers {}
D, [2014-12-04T12:25:29.310963 #3457] DEBUG -- : REQUESTING PAGE: POST /adivinar with {"numero"=>"3456"} and HTTP headers {"HTTP_REFERER"=>"/"}
D, [2014-12-04T12:25:29.317106 #3457] DEBUG -- : REQUESTING PAGE: GET / with {} and HTTP headers {}
D, [2014-12-04T12:25:29.334387 #3457] DEBUG -- : REQUESTING PAGE: POST /adivinar with {"numero"=>"5678"} and HTTP headers {"HTTP_REFERER"=>"/"}
D, [2014-12-04T12:25:29.342659 #3457] DEBUG -- : REQUESTING PAGE: GET / with {} and HTTP headers {}
D, [2014-12-04T12:25:29.360901 #3457] DEBUG -- : REQUESTING PAGE: POST /adivinar with {"numero"=>"1234"} and HTTP headers {"HTTP_REFERER"=>"/"}
D, [2014-12-04T12:25:29.370680 #3457] DEBUG -- : REQUESTING PAGE: GET / with {} and HTTP headers {}
D, [2014-12-04T12:25:29.375979 #3457] DEBUG -- : REQUESTING PAGE: POST /adivinar with {"numero"=>"9876"} and HTTP headers {"HTTP_REFERER"=>"/"}
D, [2014-12-04T12:27:27.622859 #3477] DEBUG -- : REQUESTING PAGE: GET / with {} and HTTP headers {}
D, [2014-12-04T12:27:27.677098 #3477] DEBUG -- : REQUESTING PAGE: GET / with {} and HTTP headers {}
D, [2014-12-04T12:27:27.679771 #3477] DEBUG -- : REQUESTING PAGE: POST /adivinar with {"numero"=>"1234"} and HTTP headers {"HTTP_REFERER"=>"/"}
D, [2014-12-04T12:27:27.694107 #3477] DEBUG -- : REQUESTING PAGE: GET / with {} and HTTP headers {}
D, [2014-12-04T12:27:27.701370 #3477] DEBUG -- : REQUESTING PAGE: POST /adivinar with {"numero"=>"3456"} and HTTP headers {"HTTP_REFERER"=>"/"}
D, [2014-12-04T12:27:27.707840 #3477] DEBUG -- : REQUESTING PAGE: GET / with {} and HTTP headers {}
D, [2014-12-04T12:27:27.727222 #3477] DEBUG -- : REQUESTING PAGE: POST /adivinar with {"numero"=>"5678"} and HTTP headers {"HTTP_REFERER"=>"/"}
D, [2014-12-04T12:27:27.733032 #3477] DEBUG -- : REQUESTING PAGE: GET / with {} and HTTP headers {}
D, [2014-12-04T12:27:27.753176 #3477] DEBUG -- : REQUESTING PAGE: POST /adivinar with {"numero"=>"1234"} and HTTP headers {"HTTP_REFERER"=>"/"}
D, [2014-12-04T12:27:27.761881 #3477] DEBUG -- : REQUESTING PAGE: GET / with {} and HTTP headers {}
D, [2014-12-04T12:27:27.764331 #3477] DEBUG -- : REQUESTING PAGE: POST /adivinar with {"numero"=>"9876"} and HTTP headers {"HTTP_REFERER"=>"/"}
D, [2014-12-04T12:28:38.191742 #3484] DEBUG -- : REQUESTING PAGE: GET / with {} and HTTP headers {}
D, [2014-12-04T12:28:38.245659 #3484] DEBUG -- : REQUESTING PAGE: GET / with {} and HTTP headers {}
D, [2014-12-04T12:28:38.248328 #3484] DEBUG -- : REQUESTING PAGE: POST /adivinar with {"numero"=>"1234"} and HTTP headers {"HTTP_REFERER"=>"/"}
D, [2014-12-04T12:28:38.267258 #3484] DEBUG -- : REQUESTING PAGE: GET / with {} and HTTP headers {}
D, [2014-12-04T12:28:38.269425 #3484] DEBUG -- : REQUESTING PAGE: POST /adivinar with {"numero"=>"3456"} and HTTP headers {"HTTP_REFERER"=>"/"}
D, [2014-12-04T12:28:38.276509 #3484] DEBUG -- : REQUESTING PAGE: GET / with {} and HTTP headers {}
D, [2014-12-04T12:28:38.297915 #3484] DEBUG -- : REQUESTING PAGE: POST /adivinar with {"numero"=>"5678"} and HTTP headers {"HTTP_REFERER"=>"/"}
D, [2014-12-04T12:28:38.302659 #3484] DEBUG -- : REQUESTING PAGE: GET / with {} and HTTP headers {}
D, [2014-12-04T12:28:38.322321 #3484] DEBUG -- : REQUESTING PAGE: POST /adivinar with {"numero"=>"1234"} and HTTP headers {"HTTP_REFERER"=>"/"}
D, [2014-12-04T12:28:38.329351 #3484] DEBUG -- : REQUESTING PAGE: GET / with {} and HTTP headers {}
D, [2014-12-04T12:28:38.331663 #3484] DEBUG -- : REQUESTING PAGE: POST /adivinar with {"numero"=>"1598"} and HTTP headers {"HTTP_REFERER"=>"/"}
D, [2014-12-04T12:28:38.336780 #3484] DEBUG -- : REQUESTING PAGE: GET / with {} and HTTP headers {}
D, [2014-12-04T12:28:38.339843 #3484] DEBUG -- : REQUESTING PAGE: POST /adivinar with {"numero"=>"9876"} and HTTP headers {"HTTP_REFERER"=>"/"}
D, [2014-12-04T12:44:12.914194 #3532] DEBUG -- : REQUESTING PAGE: GET / with {} and HTTP headers {}
D, [2014-12-04T12:44:12.970058 #3532] DEBUG -- : REQUESTING PAGE: GET / with {} and HTTP headers {}
D, [2014-12-04T12:44:12.972530 #3532] DEBUG -- : REQUESTING PAGE: POST /adivinar with {"numero"=>"1234"} and HTTP headers {"HTTP_REFERER"=>"/"}
D, [2014-12-04T12:44:12.989910 #3532] DEBUG -- : REQUESTING PAGE: GET / with {} and HTTP headers {}
D, [2014-12-04T12:44:12.993442 #3532] DEBUG -- : REQUESTING PAGE: POST /adivinar with {"numero"=>"3456"} and HTTP headers {"HTTP_REFERER"=>"/"}
D, [2014-12-04T12:44:13.000951 #3532] DEBUG -- : REQUESTING PAGE: GET / with {} and HTTP headers {}
D, [2014-12-04T12:44:13.023498 #3532] DEBUG -- : REQUESTING PAGE: POST /adivinar with {"numero"=>"5678"} and HTTP headers {"HTTP_REFERER"=>"/"}
D, [2014-12-04T12:44:13.028436 #3532] DEBUG -- : REQUESTING PAGE: GET / with {} and HTTP headers {}
D, [2014-12-04T12:44:13.051051 #3532] DEBUG -- : REQUESTING PAGE: POST /adivinar with {"numero"=>"1234"} and HTTP headers {"HTTP_REFERER"=>"/"}
D, [2014-12-04T12:44:13.055624 #3532] DEBUG -- : REQUESTING PAGE: GET / with {} and HTTP headers {}
D, [2014-12-04T12:44:13.059685 #3532] DEBUG -- : REQUESTING PAGE: POST /adivinar with {"numero"=>"1598"} and HTTP headers {"HTTP_REFERER"=>"/"}
D, [2014-12-04T12:44:13.064091 #3532] DEBUG -- : REQUESTING PAGE: GET / with {} and HTTP headers {}
D, [2014-12-04T12:44:13.076871 #3532] DEBUG -- : REQUESTING PAGE: POST /adivinar with {"numero"=>"9876"} and HTTP headers {"HTTP_REFERER"=>"/"}
D, [2014-12-04T12:44:42.547253 #3536] DEBUG -- : REQUESTING PAGE: GET / with {} and HTTP headers {}
D, [2014-12-04T12:44:42.603500 #3536] DEBUG -- : REQUESTING PAGE: GET / with {} and HTTP headers {}
D, [2014-12-04T12:44:42.617750 #3536] DEBUG -- : REQUESTING PAGE: POST /adivinar with {"numero"=>"1234"} and HTTP headers {"HTTP_REFERER"=>"/"}
D, [2014-12-04T12:44:42.626981 #3536] DEBUG -- : REQUESTING PAGE: GET / with {} and HTTP headers {}
D, [2014-12-04T12:44:42.629381 #3536] DEBUG -- : REQUESTING PAGE: POST /adivinar with {"numero"=>"3456"} and HTTP headers {"HTTP_REFERER"=>"/"}
D, [2014-12-04T12:44:42.635735 #3536] DEBUG -- : REQUESTING PAGE: GET / with {} and HTTP headers {}
D, [2014-12-04T12:44:42.658213 #3536] DEBUG -- : REQUESTING PAGE: POST /adivinar with {"numero"=>"5678"} and HTTP headers {"HTTP_REFERER"=>"/"}
D, [2014-12-04T12:44:42.663860 #3536] DEBUG -- : REQUESTING PAGE: GET / with {} and HTTP headers {}
D, [2014-12-04T12:44:42.687563 #3536] DEBUG -- : REQUESTING PAGE: POST /adivinar with {"numero"=>"1234"} and HTTP headers {"HTTP_REFERER"=>"/"}
D, [2014-12-04T12:44:42.691921 #3536] DEBUG -- : REQUESTING PAGE: GET / with {} and HTTP headers {}
D, [2014-12-04T12:44:42.694060 #3536] DEBUG -- : REQUESTING PAGE: POST /adivinar with {"numero"=>"1598"} and HTTP headers {"HTTP_REFERER"=>"/"}
D, [2014-12-04T12:44:42.706993 #3536] DEBUG -- : REQUESTING PAGE: GET / with {} and HTTP headers {}
D, [2014-12-04T12:44:42.710085 #3536] DEBUG -- : REQUESTING PAGE: POST /adivinar with {"numero"=>"1538"} and HTTP headers {"HTTP_REFERER"=>"/"}
D, [2014-12-04T12:44:42.717722 #3536] DEBUG -- : REQUESTING PAGE: GET / with {} and HTTP headers {}
D, [2014-12-04T12:44:42.720736 #3536] DEBUG -- : REQUESTING PAGE: POST /adivinar with {"numero"=>"9876"} and HTTP headers {"HTTP_REFERER"=>"/"}
D, [2014-12-04T12:45:12.995736 #3539] DEBUG -- : REQUESTING PAGE: GET / with {} and HTTP headers {}
D, [2014-12-04T12:45:13.050576 #3539] DEBUG -- : REQUESTING PAGE: GET / with {} and HTTP headers {}
D, [2014-12-04T12:45:13.053080 #3539] DEBUG -- : REQUESTING PAGE: POST /adivinar with {"numero"=>"1234"} and HTTP headers {"HTTP_REFERER"=>"/"}
D, [2014-12-04T12:45:13.072010 #3539] DEBUG -- : REQUESTING PAGE: GET / with {} and HTTP headers {}
D, [2014-12-04T12:45:13.074572 #3539] DEBUG -- : REQUESTING PAGE: POST /adivinar with {"numero"=>"3456"} and HTTP headers {"HTTP_REFERER"=>"/"}
D, [2014-12-04T12:45:13.081960 #3539] DEBUG -- : REQUESTING PAGE: GET / with {} and HTTP headers {}
D, [2014-12-04T12:45:13.102629 #3539] DEBUG -- : REQUESTING PAGE: POST /adivinar with {"numero"=>"5678"} and HTTP headers {"HTTP_REFERER"=>"/"}
D, [2014-12-04T12:45:13.109105 #3539] DEBUG -- : REQUESTING PAGE: GET / with {} and HTTP headers {}
D, [2014-12-04T12:45:13.129634 #3539] DEBUG -- : REQUESTING PAGE: POST /adivinar with {"numero"=>"1234"} and HTTP headers {"HTTP_REFERER"=>"/"}
D, [2014-12-04T12:45:13.138273 #3539] DEBUG -- : REQUESTING PAGE: GET / with {} and HTTP headers {}
D, [2014-12-04T12:45:13.140420 #3539] DEBUG -- : REQUESTING PAGE: POST /adivinar with {"numero"=>"1598"} and HTTP headers {"HTTP_REFERER"=>"/"}
D, [2014-12-04T12:45:13.146101 #3539] DEBUG -- : REQUESTING PAGE: GET / with {} and HTTP headers {}
D, [2014-12-04T12:45:13.148859 #3539] DEBUG -- : REQUESTING PAGE: POST /adivinar with {"numero"=>"1538"} and HTTP headers {"HTTP_REFERER"=>"/"}
D, [2014-12-04T12:45:13.163727 #3539] DEBUG -- : REQUESTING PAGE: GET / with {} and HTTP headers {}
D, [2014-12-04T12:45:13.165875 #3539] DEBUG -- : REQUESTING PAGE: POST /adivinar with {"numero"=>"5284"} and HTTP headers {"HTTP_REFERER"=>"/"}
D, [2014-12-04T12:45:13.173018 #3539] DEBUG -- : REQUESTING PAGE: GET / with {} and HTTP headers {}
D, [2014-12-04T12:45:13.176257 #3539] DEBUG -- : REQUESTING PAGE: POST /adivinar with {"numero"=>"9876"} and HTTP headers {"HTTP_REFERER"=>"/"}
D, [2014-12-04T12:45:35.841056 #3542] DEBUG -- : REQUESTING PAGE: GET / with {} and HTTP headers {}
D, [2014-12-04T12:45:35.896833 #3542] DEBUG -- : REQUESTING PAGE: GET / with {} and HTTP headers {}
D, [2014-12-04T12:45:35.899612 #3542] DEBUG -- : REQUESTING PAGE: POST /adivinar with {"numero"=>"1234"} and HTTP headers {"HTTP_REFERER"=>"/"}
D, [2014-12-04T12:45:35.918370 #3542] DEBUG -- : REQUESTING PAGE: GET / with {} and HTTP headers {}
D, [2014-12-04T12:45:35.921780 #3542] DEBUG -- : REQUESTING PAGE: POST /adivinar with {"numero"=>"3456"} and HTTP headers {"HTTP_REFERER"=>"/"}
D, [2014-12-04T12:45:35.927890 #3542] DEBUG -- : REQUESTING PAGE: GET / with {} and HTTP headers {}
D, [2014-12-04T12:45:35.948350 #3542] DEBUG -- : REQUESTING PAGE: POST /adivinar with {"numero"=>"5678"} and HTTP headers {"HTTP_REFERER"=>"/"}
D, [2014-12-04T12:45:35.955470 #3542] DEBUG -- : REQUESTING PAGE: GET / with {} and HTTP headers {}
D, [2014-12-04T12:45:35.974137 #3542] DEBUG -- : REQUESTING PAGE: POST /adivinar with {"numero"=>"1234"} and HTTP headers {"HTTP_REFERER"=>"/"}
D, [2014-12-04T12:45:35.984808 #3542] DEBUG -- : REQUESTING PAGE: GET / with {} and HTTP headers {}
D, [2014-12-04T12:45:35.987274 #3542] DEBUG -- : REQUESTING PAGE: POST /adivinar with {"numero"=>"1598"} and HTTP headers {"HTTP_REFERER"=>"/"}
D, [2014-12-04T12:45:35.990882 #3542] DEBUG -- : REQUESTING PAGE: GET / with {} and HTTP headers {}
D, [2014-12-04T12:45:35.992949 #3542] DEBUG -- : REQUESTING PAGE: POST /adivinar with {"numero"=>"1538"} and HTTP headers {"HTTP_REFERER"=>"/"}
D, [2014-12-04T12:45:36.003377 #3542] DEBUG -- : REQUESTING PAGE: GET / with {} and HTTP headers {}
D, [2014-12-04T12:45:36.009050 #3542] DEBUG -- : REQUESTING PAGE: POST /adivinar with {"numero"=>"5284"} and HTTP headers {"HTTP_REFERER"=>"/"}
D, [2014-12-04T12:45:36.018214 #3542] DEBUG -- : REQUESTING PAGE: GET / with {} and HTTP headers {}
D, [2014-12-04T12:45:36.020267 #3542] DEBUG -- : REQUESTING PAGE: POST /adivinar with {"numero"=>"5234"} and HTTP headers {"HTTP_REFERER"=>"/"}
D, [2014-12-04T12:45:36.024879 #3542] DEBUG -- : REQUESTING PAGE: GET / with {} and HTTP headers {}
D, [2014-12-04T12:45:36.036275 #3542] DEBUG -- : REQUESTING PAGE: POST /adivinar with {"numero"=>"9876"} and HTTP headers {"HTTP_REFERER"=>"/"}
D, [2014-12-04T12:46:03.191543 #3545] DEBUG -- : REQUESTING PAGE: GET / with {} and HTTP headers {}
D, [2014-12-04T12:46:03.246953 #3545] DEBUG -- : REQUESTING PAGE: GET / with {} and HTTP headers {}
D, [2014-12-04T12:46:03.257890 #3545] DEBUG -- : REQUESTING PAGE: POST /adivinar with {"numero"=>"1234"} and HTTP headers {"HTTP_REFERER"=>"/"}
D, [2014-12-04T12:46:03.269688 #3545] DEBUG -- : REQUESTING PAGE: GET / with {} and HTTP headers {}
D, [2014-12-04T12:46:03.272333 #3545] DEBUG -- : REQUESTING PAGE: POST /adivinar with {"numero"=>"3456"} and HTTP headers {"HTTP_REFERER"=>"/"}
D, [2014-12-04T12:46:03.298678 #3545] DEBUG -- : REQUESTING PAGE: GET / with {} and HTTP headers {}
D, [2014-12-04T12:46:03.301030 #3545] DEBUG -- : REQUESTING PAGE: POST /adivinar with {"numero"=>"5678"} and HTTP headers {"HTTP_REFERER"=>"/"}
D, [2014-12-04T12:46:03.305950 #3545] DEBUG -- : REQUESTING PAGE: GET / with {} and HTTP headers {}
D, [2014-12-04T12:46:03.329734 #3545] DEBUG -- : REQUESTING PAGE: POST /adivinar with {"numero"=>"1234"} and HTTP headers {"HTTP_REFERER"=>"/"}
D, [2014-12-04T12:46:03.334665 #3545] DEBUG -- : REQUESTING PAGE: GET / with {} and HTTP headers {}
D, [2014-12-04T12:46:03.337109 #3545] DEBUG -- : REQUESTING PAGE: POST /adivinar with {"numero"=>"1598"} and HTTP headers {"HTTP_REFERER"=>"/"}
D, [2014-12-04T12:46:03.340928 #3545] DEBUG -- : REQUESTING PAGE: GET / with {} and HTTP headers {}
D, [2014-12-04T12:46:03.351922 #3545] DEBUG -- : REQUESTING PAGE: POST /adivinar with {"numero"=>"1538"} and HTTP headers {"HTTP_REFERER"=>"/"}
D, [2014-12-04T12:46:03.356406 #3545] DEBUG -- : REQUESTING PAGE: GET / with {} and HTTP headers {}
D, [2014-12-04T12:46:03.358422 #3545] DEBUG -- : REQUESTING PAGE: POST /adivinar with {"numero"=>"5284"} and HTTP headers {"HTTP_REFERER"=>"/"}
D, [2014-12-04T12:46:03.368632 #3545] DEBUG -- : REQUESTING PAGE: GET / with {} and HTTP headers {}
D, [2014-12-04T12:46:03.370671 #3545] DEBUG -- : REQUESTING PAGE: POST /adivinar with {"numero"=>"5234"} and HTTP headers {"HTTP_REFERER"=>"/"}
D, [2014-12-04T12:46:03.384234 #3545] DEBUG -- : REQUESTING PAGE: GET / with {} and HTTP headers {}
D, [2014-12-04T12:46:03.386678 #3545] DEBUG -- : REQUESTING PAGE: POST /adivinar with {"numero"=>"1235"} and HTTP headers {"HTTP_REFERER"=>"/"}
D, [2014-12-04T12:46:03.396111 #3545] DEBUG -- : REQUESTING PAGE: GET / with {} and HTTP headers {}
D, [2014-12-04T12:46:03.415891 #3545] DEBUG -- : REQUESTING PAGE: POST /adivinar with {"numero"=>"9876"} and HTTP headers {"HTTP_REFERER"=>"/"}
D, [2014-12-04T12:46:36.373433 #3549] DEBUG -- : REQUESTING PAGE: GET / with {} and HTTP headers {}
D, [2014-12-04T12:46:36.430325 #3549] DEBUG -- : REQUESTING PAGE: GET / with {} and HTTP headers {}
D, [2014-12-04T12:46:36.434108 #3549] DEBUG -- : REQUESTING PAGE: POST /adivinar with {"numero"=>"1234"} and HTTP headers {"HTTP_REFERER"=>"/"}
D, [2014-12-04T12:46:36.453096 #3549] DEBUG -- : REQUESTING PAGE: GET / with {} and HTTP headers {}
D, [2014-12-04T12:46:36.455518 #3549] DEBUG -- : REQUESTING PAGE: POST /adivinar with {"numero"=>"3456"} and HTTP headers {"HTTP_REFERER"=>"/"}
D, [2014-12-04T12:46:36.481228 #3549] DEBUG -- : REQUESTING PAGE: GET / with {} and HTTP headers {}
D, [2014-12-04T12:46:36.484537 #3549] DEBUG -- : REQUESTING PAGE: POST /adivinar with {"numero"=>"5678"} and HTTP headers {"HTTP_REFERER"=>"/"}
D, [2014-12-04T12:46:36.488886 #3549] DEBUG -- : REQUESTING PAGE: GET / with {} and HTTP headers {}
D, [2014-12-04T12:46:36.512330 #3549] DEBUG -- : REQUESTING PAGE: POST /adivinar with {"numero"=>"1234"} and HTTP headers {"HTTP_REFERER"=>"/"}
D, [2014-12-04T12:46:36.517371 #3549] DEBUG -- : REQUESTING PAGE: GET / with {} and HTTP headers {}
D, [2014-12-04T12:46:36.519795 #3549] DEBUG -- : REQUESTING PAGE: POST /adivinar with {"numero"=>"1598"} and HTTP headers {"HTTP_REFERER"=>"/"}
D, [2014-12-04T12:46:36.524612 #3549] DEBUG -- : REQUESTING PAGE: GET / with {} and HTTP headers {}
D, [2014-12-04T12:46:36.526296 #3549] DEBUG -- : REQUESTING PAGE: POST /adivinar with {"numero"=>"1538"} and HTTP headers {"HTTP_REFERER"=>"/"}
D, [2014-12-04T12:46:36.541236 #3549] DEBUG -- : REQUESTING PAGE: GET / with {} and HTTP headers {}
D, [2014-12-04T12:46:36.545867 #3549] DEBUG -- : REQUESTING PAGE: POST /adivinar with {"numero"=>"5284"} and HTTP headers {"HTTP_REFERER"=>"/"}
D, [2014-12-04T12:46:36.550359 #3549] DEBUG -- : REQUESTING PAGE: GET / with {} and HTTP headers {}
D, [2014-12-04T12:46:36.552642 #3549] DEBUG -- : REQUESTING PAGE: POST /adivinar with {"numero"=>"5234"} and HTTP headers {"HTTP_REFERER"=>"/"}
D, [2014-12-04T12:46:36.557742 #3549] DEBUG -- : REQUESTING PAGE: GET / with {} and HTTP headers {}
D, [2014-12-04T12:46:36.566649 #3549] DEBUG -- : REQUESTING PAGE: POST /adivinar with {"numero"=>"1235"} and HTTP headers {"HTTP_REFERER"=>"/"}
D, [2014-12-04T12:46:36.577252 #3549] DEBUG -- : REQUESTING PAGE: GET / with {} and HTTP headers {}
D, [2014-12-04T12:46:36.586097 #3549] DEBUG -- : REQUESTING PAGE: POST /adivinar with {"numero"=>"5671"} and HTTP headers {"HTTP_REFERER"=>"/"}
D, [2014-12-04T12:46:36.603634 #3549] DEBUG -- : REQUESTING PAGE: GET / with {} and HTTP headers {}
D, [2014-12-04T12:46:36.608081 #3549] DEBUG -- : REQUESTING PAGE: POST /adivinar with {"numero"=>"9876"} and HTTP headers {"HTTP_REFERER"=>"/"}
D, [2014-12-04T13:32:39.204852 #3625] DEBUG -- : REQUESTING PAGE: GET / with {} and HTTP headers {}
D, [2014-12-04T13:32:39.261073 #3625] DEBUG -- : REQUESTING PAGE: GET / with {} and HTTP headers {}
D, [2014-12-04T13:32:39.269573 #3625] DEBUG -- : REQUESTING PAGE: POST /adivinar with {"numero"=>"1234"} and HTTP headers {"HTTP_REFERER"=>"/"}
D, [2014-12-04T13:32:39.283251 #3625] DEBUG -- : REQUESTING PAGE: GET / with {} and HTTP headers {}
D, [2014-12-04T13:32:39.286046 #3625] DEBUG -- : REQUESTING PAGE: POST /adivinar with {"numero"=>"3456"} and HTTP headers {"HTTP_REFERER"=>"/"}
D, [2014-12-04T13:32:39.309189 #3625] DEBUG -- : REQUESTING PAGE: GET / with {} and HTTP headers {}
D, [2014-12-04T13:32:39.314339 #3625] DEBUG -- : REQUESTING PAGE: POST /adivinar with {"numero"=>"5678"} and HTTP headers {"HTTP_REFERER"=>"/"}
D, [2014-12-04T13:32:39.319339 #3625] DEBUG -- : REQUESTING PAGE: GET / with {} and HTTP headers {}
D, [2014-12-04T13:32:39.342531 #3625] DEBUG -- : REQUESTING PAGE: POST /adivinar with {"numero"=>"1234"} and HTTP headers {"HTTP_REFERER"=>"/"}
D, [2014-12-04T13:32:39.349511 #3625] DEBUG -- : REQUESTING PAGE: GET / with {} and HTTP headers {}
D, [2014-12-04T13:32:39.352110 #3625] DEBUG -- : REQUESTING PAGE: POST /adivinar with {"numero"=>"1598"} and HTTP headers {"HTTP_REFERER"=>"/"}
D, [2014-12-04T13:32:39.364686 #3625] DEBUG -- : REQUESTING PAGE: GET / with {} and HTTP headers {}
D, [2014-12-04T13:32:39.369081 #3625] DEBUG -- : REQUESTING PAGE: POST /adivinar with {"numero"=>"1538"} and HTTP headers {"HTTP_REFERER"=>"/"}
D, [2014-12-04T13:32:39.373026 #3625] DEBUG -- : REQUESTING PAGE: GET / with {} and HTTP headers {}
D, [2014-12-04T13:32:39.377809 #3625] DEBUG -- : REQUESTING PAGE: POST /adivinar with {"numero"=>"5284"} and HTTP headers {"HTTP_REFERER"=>"/"}
D, [2014-12-04T13:32:39.382670 #3625] DEBUG -- : REQUESTING PAGE: GET / with {} and HTTP headers {}
D, [2014-12-04T13:32:39.384804 #3625] DEBUG -- : REQUESTING PAGE: POST /adivinar with {"numero"=>"5234"} and HTTP headers {"HTTP_REFERER"=>"/"}
D, [2014-12-04T13:32:39.396867 #3625] DEBUG -- : REQUESTING PAGE: GET / with {} and HTTP headers {}
D, [2014-12-04T13:32:39.400961 #3625] DEBUG -- : REQUESTING PAGE: POST /adivinar with {"numero"=>"1235"} and HTTP headers {"HTTP_REFERER"=>"/"}
D, [2014-12-04T13:32:39.416569 #3625] DEBUG -- : REQUESTING PAGE: GET / with {} and HTTP headers {}
D, [2014-12-04T13:32:39.429715 #3625] DEBUG -- : REQUESTING PAGE: POST /adivinar with {"numero"=>"5671"} and HTTP headers {"HTTP_REFERER"=>"/"}
D, [2014-12-04T13:32:39.433847 #3625] DEBUG -- : REQUESTING PAGE: GET / with {} and HTTP headers {}
D, [2014-12-04T13:32:39.440590 #3625] DEBUG -- : REQUESTING PAGE: POST /adivinar with {"numero"=>"9876"} and HTTP headers {"HTTP_REFERER"=>"/"}
D, [2014-12-04T14:03:54.042897 #3646] DEBUG -- : REQUESTING PAGE: GET / with {} and HTTP headers {}
D, [2014-12-04T14:03:54.097273 #3646] DEBUG -- : REQUESTING PAGE: GET / with {} and HTTP headers {}
D, [2014-12-04T14:03:54.101410 #3646] DEBUG -- : REQUESTING PAGE: POST /adivinar with {"numero"=>"1234"} and HTTP headers {"HTTP_REFERER"=>"/"}
D, [2014-12-04T14:03:54.119923 #3646] DEBUG -- : REQUESTING PAGE: GET / with {} and HTTP headers {}
D, [2014-12-04T14:03:54.122506 #3646] DEBUG -- : REQUESTING PAGE: POST /adivinar with {"numero"=>"3456"} and HTTP headers {"HTTP_REFERER"=>"/"}
D, [2014-12-04T14:03:54.145703 #3646] DEBUG -- : REQUESTING PAGE: GET / with {} and HTTP headers {}
D, [2014-12-04T14:03:54.150832 #3646] DEBUG -- : REQUESTING PAGE: POST /adivinar with {"numero"=>"5678"} and HTTP headers {"HTTP_REFERER"=>"/"}
D, [2014-12-04T14:03:54.155621 #3646] DEBUG -- : REQUESTING PAGE: GET / with {} and HTTP headers {}
D, [2014-12-04T14:03:54.179396 #3646] DEBUG -- : REQUESTING PAGE: POST /adivinar with {"numero"=>"1234"} and HTTP headers {"HTTP_REFERER"=>"/"}
D, [2014-12-04T14:03:54.184285 #3646] DEBUG -- : REQUESTING PAGE: GET / with {} and HTTP headers {}
D, [2014-12-04T14:03:54.186380 #3646] DEBUG -- : REQUESTING PAGE: POST /adivinar with {"numero"=>"1598"} and HTTP headers {"HTTP_REFERER"=>"/"}
D, [2014-12-04T14:03:54.190306 #3646] DEBUG -- : REQUESTING PAGE: GET / with {} and HTTP headers {}
D, [2014-12-04T14:03:54.192321 #3646] DEBUG -- : REQUESTING PAGE: POST /adivinar with {"numero"=>"1538"} and HTTP headers {"HTTP_REFERER"=>"/"}
D, [2014-12-04T14:03:54.204675 #3646] DEBUG -- : REQUESTING PAGE: GET / with {} and HTTP headers {}
D, [2014-12-04T14:03:54.206658 #3646] DEBUG -- : REQUESTING PAGE: POST /adivinar with {"numero"=>"5284"} and HTTP headers {"HTTP_REFERER"=>"/"}
D, [2014-12-04T14:03:54.216744 #3646] DEBUG -- : REQUESTING PAGE: GET / with {} and HTTP headers {}
D, [2014-12-04T14:03:54.219235 #3646] DEBUG -- : REQUESTING PAGE: POST /adivinar with {"numero"=>"5234"} and HTTP headers {"HTTP_REFERER"=>"/"}
D, [2014-12-04T14:03:54.223151 #3646] DEBUG -- : REQUESTING PAGE: GET / with {} and HTTP headers {}
D, [2014-12-04T14:03:54.225752 #3646] DEBUG -- : REQUESTING PAGE: POST /adivinar with {"numero"=>"1235"} and HTTP headers {"HTTP_REFERER"=>"/"}
D, [2014-12-04T14:03:54.239542 #3646] DEBUG -- : REQUESTING PAGE: GET / with {} and HTTP headers {}
D, [2014-12-04T14:03:54.252581 #3646] DEBUG -- : REQUESTING PAGE: POST /adivinar with {"numero"=>"5671"} and HTTP headers {"HTTP_REFERER"=>"/"}
D, [2014-12-04T14:03:54.267164 #3646] DEBUG -- : REQUESTING PAGE: GET / with {} and HTTP headers {}
D, [2014-12-04T14:03:54.270405 #3646] DEBUG -- : REQUESTING PAGE: POST /adivinar with {"numero"=>"9876"} and HTTP headers {"HTTP_REFERER"=>"/"}
